<?xml version="1.0" encoding="UTF-8"?>
<Site BuildName="(empty)"
	BuildStamp="20230620-1726-Experimental"
	Name="(empty)"
	Generator="ctest-3.25.0"
	CompilerName=""
	CompilerVersion=""
	OSName="Linux"
	Hostname="ssiannas-desktop"
	OSRelease="5.19.0-45-generic"
	OSVersion="#46~22.04.1-Ubuntu SMP PREEMPT_DYNAMIC Wed Jun 7 15:06:04 UTC 20"
	OSPlatform="x86_64"
	Is64Bits="1"
	VendorString="AuthenticAMD"
	VendorID="Advanced Micro Devices"
	FamilyID="25"
	ModelID="33"
	ProcessorCacheSize="512"
	NumberOfLogicalCPU="24"
	NumberOfPhysicalCPU="12"
	TotalVirtualMemory="2047"
	TotalPhysicalMemory="64220"
	LogicalProcessorsPerPhysical="2"
	ProcessorClockFrequency="3599.78"
	>
	<Testing>
		<StartDateTime>Jun 20 20:35 EEST</StartDateTime>
		<StartTestTime>1687282532</StartTestTime>
		<TestList/>
		<EndDateTime>Jun 20 20:35 EEST</EndDateTime>
		<EndTestTime>1687282532</EndTestTime>
		<ElapsedMinutes>0</ElapsedMinutes>
	</Testing>
</Site>
